# JRE version: OpenJDK Runtime Environment (8.0_242-b01) (build 1.8.0_242-release-1644-b01)
# Java VM: OpenJDK 64-Bit Server VM (25.242-b01 mixed mode windows-amd64 compressed oops)
Heap:
 PSYoungGen      total 100864K, used 45429K [0x00000000e0000000, 0x00000000e8f00000, 0x0000000100000000)
  eden space 90624K, 50% used [0x00000000e0000000,0x00000000e2c5d5c0,0x00000000e5880000)
  from space 10240K, 0% used [0x00000000e5880000,0x00000000e5880000,0x00000000e6280000)
  to   space 11776K, 0% used [0x00000000e8380000,0x00000000e8380000,0x00000000e8f00000)
 ParOldGen       total 52736K, used 17687K [0x00000000a0000000, 0x00000000a3380000, 0x00000000e0000000)
  object space 52736K, 33% used [0x00000000a0000000,0x00000000a1145ce0,0x00000000a3380000)
 Metaspace       used 39350K, capacity 39984K, committed 40240K, reserved 1083392K
  class space    used 5389K, capacity 5664K, committed 5680K, reserved 1048576K
GC Heap History (10 events):
Event: 4.352 GC heap before
{Heap before GC invocations=7 (full 1):
 PSYoungGen      total 66048K, used 8052K [0x00000000e0000000, 0x00000000e4d00000, 0x0000000100000000)
  eden space 56320K, 0% used [0x00000000e0000000,0x00000000e0000000,0x00000000e3700000)
  from space 9728K, 82% used [0x00000000e4180000,0x00000000e495d330,0x00000000e4b00000)
  to   space 10752K, 0% used [0x00000000e3700000,0x00000000e3700000,0x00000000e4180000)
 ParOldGen       total 76800K, used 7943K [0x00000000a0000000, 0x00000000a4b00000, 0x00000000e0000000)
  object space 76800K, 10% used [0x00000000a0000000,0x00000000a07c1f50,0x00000000a4b00000)
 Metaspace       used 20781K, capacity 21216K, committed 21296K, reserved 1067008K
  class space    used 2907K, capacity 3082K, committed 3120K, reserved 1048576K
Event: 4.387 GC heap after
Heap after GC invocations=7 (full 1):
 PSYoungGen      total 66048K, used 0K [0x00000000e0000000, 0x00000000e4d00000, 0x0000000100000000)
  eden space 56320K, 0% used [0x00000000e0000000,0x00000000e0000000,0x00000000e3700000)
  from space 9728K, 0% used [0x00000000e4180000,0x00000000e4180000,0x00000000e4b00000)
  to   space 10752K, 0% used [0x00000000e3700000,0x00000000e3700000,0x00000000e4180000)
 ParOldGen       total 52736K, used 8884K [0x00000000a0000000, 0x00000000a3380000, 0x00000000e0000000)
  object space 52736K, 16% used [0x00000000a0000000,0x00000000a08ad0f8,0x00000000a3380000)
 Metaspace       used 20781K, capacity 21216K, committed 21296K, reserved 1067008K
  class space    used 2907K, capacity 3082K, committed 3120K, reserved 1048576K
}
Event: 5.176 GC heap before
{Heap before GC invocations=8 (full 1):
 PSYoungGen      total 66048K, used 56320K [0x00000000e0000000, 0x00000000e4d00000, 0x0000000100000000)
  eden space 56320K, 100% used [0x00000000e0000000,0x00000000e3700000,0x00000000e3700000)
  from space 9728K, 0% used [0x00000000e4180000,0x00000000e4180000,0x00000000e4b00000)
  to   space 10752K, 0% used [0x00000000e3700000,0x00000000e3700000,0x00000000e4180000)
 ParOldGen       total 52736K, used 8884K [0x00000000a0000000, 0x00000000a3380000, 0x00000000e0000000)
  object space 52736K, 16% used [0x00000000a0000000,0x00000000a08ad0f8,0x00000000a3380000)
 Metaspace       used 26702K, capacity 27220K, committed 27440K, reserved 1073152K
  class space    used 3617K, capacity 3799K, committed 3888K, reserved 1048576K
Event: 5.183 GC heap after
Heap after GC invocations=8 (full 1):
 PSYoungGen      total 67072K, used 6484K [0x00000000e0000000, 0x00000000e6c80000, 0x0000000100000000)
  eden space 56320K, 0% used [0x00000000e0000000,0x00000000e0000000,0x00000000e3700000)
  from space 10752K, 60% used [0x00000000e3700000,0x00000000e3d55030,0x00000000e4180000)
  to   space 10240K, 0% used [0x00000000e6280000,0x00000000e6280000,0x00000000e6c80000)
 ParOldGen       total 52736K, used 8892K [0x00000000a0000000, 0x00000000a3380000, 0x00000000e0000000)
  object space 52736K, 16% used [0x00000000a0000000,0x00000000a08af0f8,0x00000000a3380000)
 Metaspace       used 26702K, capacity 27220K, committed 27440K, reserved 1073152K
  class space    used 3617K, capacity 3799K, committed 3888K, reserved 1048576K
}
Event: 6.068 GC heap before
{Heap before GC invocations=9 (full 1):
 PSYoungGen      total 67072K, used 62804K [0x00000000e0000000, 0x00000000e6c80000, 0x0000000100000000)
  eden space 56320K, 100% used [0x00000000e0000000,0x00000000e3700000,0x00000000e3700000)
  from space 10752K, 60% used [0x00000000e3700000,0x00000000e3d55030,0x00000000e4180000)
  to   space 10240K, 0% used [0x00000000e6280000,0x00000000e6280000,0x00000000e6c80000)
 ParOldGen       total 52736K, used 8892K [0x00000000a0000000, 0x00000000a3380000, 0x00000000e0000000)
  object space 52736K, 16% used [0x00000000a0000000,0x00000000a08af0f8,0x00000000a3380000)
 Metaspace       used 29599K, capacity 30050K, committed 30256K, reserved 1075200K
  class space    used 4117K, capacity 4316K, committed 4400K, reserved 1048576K
Event: 6.079 GC heap after
Heap after GC invocations=9 (full 1):
 PSYoungGen      total 100864K, used 7823K [0x00000000e0000000, 0x00000000e6c80000, 0x0000000100000000)
  eden space 90624K, 0% used [0x00000000e0000000,0x00000000e0000000,0x00000000e5880000)
  from space 10240K, 76% used [0x00000000e6280000,0x00000000e6a23fb0,0x00000000e6c80000)
  to   space 10240K, 0% used [0x00000000e5880000,0x00000000e5880000,0x00000000e6280000)
 ParOldGen       total 52736K, used 8900K [0x00000000a0000000, 0x00000000a3380000, 0x00000000e0000000)
  object space 52736K, 16% used [0x00000000a0000000,0x00000000a08b10f8,0x00000000a3380000)
 Metaspace       used 29599K, capacity 30050K, committed 30256K, reserved 1075200K
  class space    used 4117K, capacity 4316K, committed 4400K, reserved 1048576K
}
Event: 7.503 GC heap before
{Heap before GC invocations=10 (full 1):
 PSYoungGen      total 100864K, used 65734K [0x00000000e0000000, 0x00000000e6c80000, 0x0000000100000000)
  eden space 90624K, 63% used [0x00000000e0000000,0x00000000e388d938,0x00000000e5880000)
  from space 10240K, 76% used [0x00000000e6280000,0x00000000e6a23fb0,0x00000000e6c80000)
  to   space 10240K, 0% used [0x00000000e5880000,0x00000000e5880000,0x00000000e6280000)
 ParOldGen       total 52736K, used 8900K [0x00000000a0000000, 0x00000000a3380000, 0x00000000e0000000)
  object space 52736K, 16% used [0x00000000a0000000,0x00000000a08b10f8,0x00000000a3380000)
 Metaspace       used 34867K, capacity 35364K, committed 35496K, reserved 1079296K
  class space    used 4864K, capacity 5086K, committed 5168K, reserved 1048576K
Event: 7.514 GC heap after
Heap after GC invocations=10 (full 1):
 PSYoungGen      total 100864K, used 10234K [0x00000000e0000000, 0x00000000e8f00000, 0x0000000100000000)
  eden space 90624K, 0% used [0x00000000e0000000,0x00000000e0000000,0x00000000e5880000)
  from space 10240K, 99% used [0x00000000e5880000,0x00000000e627ebb0,0x00000000e6280000)
  to   space 11776K, 0% used [0x00000000e8380000,0x00000000e8380000,0x00000000e8f00000)
 ParOldGen       total 52736K, used 9658K [0x00000000a0000000, 0x00000000a3380000, 0x00000000e0000000)
  object space 52736K, 18% used [0x00000000a0000000,0x00000000a096e8d8,0x00000000a3380000)
 Metaspace       used 34867K, capacity 35364K, committed 35496K, reserved 1079296K
  class space    used 4864K, capacity 5086K, committed 5168K, reserved 1048576K
}
Event: 7.514 GC heap before
{Heap before GC invocations=11 (full 2):
 PSYoungGen      total 100864K, used 10234K [0x00000000e0000000, 0x00000000e8f00000, 0x0000000100000000)
  eden space 90624K, 0% used [0x00000000e0000000,0x00000000e0000000,0x00000000e5880000)
  from space 10240K, 99% used [0x00000000e5880000,0x00000000e627ebb0,0x00000000e6280000)
  to   space 11776K, 0% used [0x00000000e8380000,0x00000000e8380000,0x00000000e8f00000)
 ParOldGen       total 52736K, used 9658K [0x00000000a0000000, 0x00000000a3380000, 0x00000000e0000000)
  object space 52736K, 18% used [0x00000000a0000000,0x00000000a096e8d8,0x00000000a3380000)
 Metaspace       used 34867K, capacity 35364K, committed 35496K, reserved 1079296K
  class space    used 4864K, capacity 5086K, committed 5168K, reserved 1048576K
Event: 7.565 GC heap after
Heap after GC invocations=11 (full 2):
 PSYoungGen      total 100864K, used 0K [0x00000000e0000000, 0x00000000e8f00000, 0x0000000100000000)
  eden space 90624K, 0% used [0x00000000e0000000,0x00000000e0000000,0x00000000e5880000)
  from space 10240K, 0% used [0x00000000e5880000,0x00000000e5880000,0x00000000e6280000)
  to   space 11776K, 0% used [0x00000000e8380000,0x00000000e8380000,0x00000000e8f00000)
 ParOldGen       total 52736K, used 17687K [0x00000000a0000000, 0x00000000a3380000, 0x00000000e0000000)
  object space 52736K, 33% used [0x00000000a0000000,0x00000000a1145ce0,0x00000000a3380000)
 Metaspace       used 34867K, capacity 35364K, committed 35496K, reserved 1079296K
  class space    used 4864K, capacity 5086K, committed 5168K, reserved 1048576K
}

